\o Program:		@(#)$CDS: libManager version 6.1.6 - CAT33 07/09/2015 16:04 (sjfnl733) $
\o Sub version:		sub-version  s018 
\o Arguments:		-mpssession virtuoso16440 -mpshost vlsi-lab06.ceid.upatras.gr 
\o Working Directory:	vlsi-lab06.ceid.upatras.gr:/localdisk/users/vlsi1-u12/cadence
\o 64-bit offsets
\o Qt version: 		4.7.2
\o Log file is "/localdisk/users/vlsi1-u12/cadence/libManager.log".
\o Opening libManager window.
\a nrSetCurrentWindow(cdsLibManager)
\o changeWorkingDir("/localdisk/users/vlsi1-u12/cadence") unnecessary.
\o ddSetForcedLib("") unnecessary.
\o MPS service: map window
\a nrResizeWindow(cdsLibManager list(31 27 600 439))
\o Library Manager customization server connected.
\w Warning: LIB analogLib from File /localdisk/users/vlsi1-u12/cadence/cds.lib Line 2 redefines
\w LIB analogLib from File /localdisk/users/share/vlsi1/umc_65ll/Designkits/Cadence_6.1/cds.lib
\w Insert UNDEFINE analogLib
\w before DEFINE analogLib
\w     in /localdisk/users/vlsi1-u12/cadence/cds.lib
\w Or remove or comment out DEFINE analogLib
\w     in /localdisk/users/share/vlsi1/umc_65ll/Designkits/Cadence_6.1/cds.lib
\w to suppress this warning message.
\w Warning: LIB basic from File /localdisk/users/vlsi1-u12/cadence/cds.lib Line 4 redefines
\w LIB basic from File /localdisk/users/share/vlsi1/umc_65ll/Designkits/Cadence_6.1/cds.lib
\w Insert UNDEFINE basic
\w before DEFINE basic
\w     in /localdisk/users/vlsi1-u12/cadence/cds.lib
\w Or remove or comment out DEFINE basic
\w     in /localdisk/users/share/vlsi1/umc_65ll/Designkits/Cadence_6.1/cds.lib
\w to suppress this warning message.
\w Warning: The directory: '/localdisk/users/vlsi1-u12/cadence/MyDesignLibrary' does not exist
\w 	but was defined in libFile '/localdisk/users/vlsi1-u12/cadence/cds.lib' for Lib 'MyDesignLibrary'.
\w Warning: The directory: '/localdisk/users/vlsi1-u12/cadence/MyDesignlib' does not exist
\w 	but was defined in libFile '/localdisk/users/vlsi1-u12/cadence/cds.lib' for Lib 'MyDesignlib'.
\a _lmgrCloseIconify("cdsLibManager" 1)
\a nrSetCurrentWindow(cdsLibManager)
\a cdsLibManager->libListBox->value = "MyDesignLib"
\a cdsLibManager->libListBox->value = "analogLib"
\a cdsLibManager->libListBox->value = "avTech"
\a cdsLibManager->libListBox->value = "cdsDefTechLib"
\a cdsLibManager->libListBox->value = "umc65ll"
\a cdsLibManager->libLineEdit->value = "umc65ll"
\a _lmgrCloseIconify("cdsLibManager" 1)
\a _lmgrCloseIconify("cdsLibManager" 0)
\a _lmgrCloseIconify("cdsLibManager" 1)
\a cdsLibManager->libListBox->value = nil
\a cdsLibManager->libLineEdit->value = ""
\w Warning: LIB analogLib from File /localdisk/users/vlsi1-u12/cadence/cds.lib Line 2 redefines
\w LIB analogLib from File /localdisk/users/share/vlsi1/umc_65ll/Designkits/Cadence_6.1/cds.lib
\w Insert UNDEFINE analogLib
\w before DEFINE analogLib
\w     in /localdisk/users/vlsi1-u12/cadence/cds.lib
\w Or remove or comment out DEFINE analogLib
\w     in /localdisk/users/share/vlsi1/umc_65ll/Designkits/Cadence_6.1/cds.lib
\w to suppress this warning message.
\w Warning: LIB basic from File /localdisk/users/vlsi1-u12/cadence/cds.lib Line 4 redefines
\w LIB basic from File /localdisk/users/share/vlsi1/umc_65ll/Designkits/Cadence_6.1/cds.lib
\w Insert UNDEFINE basic
\w before DEFINE basic
\w     in /localdisk/users/vlsi1-u12/cadence/cds.lib
\w Or remove or comment out DEFINE basic
\w     in /localdisk/users/share/vlsi1/umc_65ll/Designkits/Cadence_6.1/cds.lib
\w to suppress this warning message.
\w Warning: The directory: '/localdisk/users/vlsi1-u12/cadence/MyDesignLibrary' does not exist
\w 	but was defined in libFile '/localdisk/users/vlsi1-u12/cadence/cds.lib' for Lib 'MyDesignLibrary'.
\w Warning: The directory: '/localdisk/users/vlsi1-u12/cadence/MyDesignlib' does not exist
\w 	but was defined in libFile '/localdisk/users/vlsi1-u12/cadence/cds.lib' for Lib 'MyDesignlib'.
\a cdsLibManager->libListBox->value = "umc65ll"
\a cdsLibManager->libLineEdit->value = "umc65ll"
\a nrSetCurrentWindow(cdsLibManager)
\a cdsLibManager->fileExitButton->value = t
\o libManager is exiting.
\a nrSetWindowVisibility(cdsLibManager "hide")
\a exit(0)
